=== NEW WEBSITE ENQUIRY ===
Date: December 5, 2025 at 5:43 AM
Subject: Website Enquiry from kirti bhai (b  hbjnj)

Name: kirti bhai
Email: iamkirtisharma.ks@gmail.com
Contact: 09792238336
Company: b  hbjnj

Message:
sdfghj
=============================

=== NEW WEBSITE ENQUIRY ===

Date: December 5, 2025 6:08 AM
Name: Luke Luna
Email: byset@mailinator.com
Contact: +1 (266) 925-9932
Company: Acevedo and Lancaster Inc

Message:
Aspernatur eum molli

=============================
=== NEW WEBSITE ENQUIRY ===

Date: December 5, 2025 6:08 AM
Name: Keelie Craig
Email: museqy@mailinator.com
Contact: +1 (636) 206-6596
Company: Beard Blair Inc

Message:
Veniam aperiam temp

=============================
=== NEW WEBSITE ENQUIRY ===

Date: December 5, 2025 6:14 AM
Name: Kirti sharma
Email: admin@gmail.com
Contact: 9792238336
Company: Lindsay and Manning Co

Message:
zxcvbnm

=============================
=== NEW WEBSITE ENQUIRY ===

Date: December 5, 2025 6:37 AM
Name: Macon Tate
Email: rovunac@mailinator.com
Contact: +1 (822) 913-7784
Company: Williamson Middleton Trading

Message:
Adipisci aliqua Est

=============================
=== NEW WEBSITE ENQUIRY ===

Date: December 5, 2025 6:37 AM
Name: Howard Conrad
Email: todapoqo@mailinator.com
Contact: +1 (488) 275-8005
Company: Mathews and Bishop Co

Message:
Asperiores assumenda

=============================
=== NEW WEBSITE ENQUIRY ===

Date: December 5, 2025 6:39 AM
Name: Martin Casey
Email: dusytex@mailinator.com
Contact: +1 (568) 974-9355
Company: Strong England Co

Message:
Velit enim ipsum nu

=============================
=== NEW WEBSITE ENQUIRY ===

Date: December 5, 2025 7:20 AM
Name: Kirti sharma
Email: kirtis@gmail.com
Contact: 1234567890

Message:
testing

=============================
